<?xml version="1.0" encoding="UTF-8"?>
<testsuite name="tetrisreimagined.model.PositionTest" tests="15" skipped="0" failures="0" errors="0" timestamp="2020-05-26T17:51:08" hostname="DESKTOP-QBQ6GL3" time="0.004">
  <properties/>
  <testcase name="right1" classname="tetrisreimagined.model.PositionTest" time="0.001"/>
  <testcase name="right2" classname="tetrisreimagined.model.PositionTest" time="0.0"/>
  <testcase name="up1" classname="tetrisreimagined.model.PositionTest" time="0.0"/>
  <testcase name="up2" classname="tetrisreimagined.model.PositionTest" time="0.0"/>
  <testcase name="down1" classname="tetrisreimagined.model.PositionTest" time="0.0"/>
  <testcase name="down2" classname="tetrisreimagined.model.PositionTest" time="0.001"/>
  <testcase name="left1" classname="tetrisreimagined.model.PositionTest" time="0.0"/>
  <testcase name="left2" classname="tetrisreimagined.model.PositionTest" time="0.0"/>
  <testcase name="positionEquals1" classname="tetrisreimagined.model.PositionTest" time="0.0"/>
  <testcase name="positionEquals2" classname="tetrisreimagined.model.PositionTest" time="0.001"/>
  <testcase name="positionEquals3" classname="tetrisreimagined.model.PositionTest" time="0.0"/>
  <testcase name="getPosition1" classname="tetrisreimagined.model.PositionTest" time="0.0"/>
  <testcase name="getPosition2" classname="tetrisreimagined.model.PositionTest" time="0.0"/>
  <testcase name="position1" classname="tetrisreimagined.model.PositionTest" time="0.0"/>
  <testcase name="position2" classname="tetrisreimagined.model.PositionTest" time="0.0"/>
  <system-out><![CDATA[]]></system-out>
  <system-err><![CDATA[]]></system-err>
</testsuite>
