<?xml version="1.0" encoding="UTF-8"?>
<testsuite name="tetrisreimagined.model.BlockTest" tests="6" skipped="0" failures="0" errors="0" timestamp="2020-05-26T17:51:08" hostname="DESKTOP-QBQ6GL3" time="0.023">
  <properties/>
  <testcase name="getId1" classname="tetrisreimagined.model.BlockTest" time="0.013"/>
  <testcase name="getId2" classname="tetrisreimagined.model.BlockTest" time="0.001"/>
  <testcase name="getColor1" classname="tetrisreimagined.model.BlockTest" time="0.002"/>
  <testcase name="getColor2" classname="tetrisreimagined.model.BlockTest" time="0.001"/>
  <testcase name="getPosition1" classname="tetrisreimagined.model.BlockTest" time="0.001"/>
  <testcase name="getPosition2" classname="tetrisreimagined.model.BlockTest" time="0.003"/>
  <system-out><![CDATA[]]></system-out>
  <system-err><![CDATA[]]></system-err>
</testsuite>
