<?xml version="1.0" encoding="UTF-8"?>
<testsuite name="tetrisreimagined.controller.Pieces.PieceControllerTest" tests="11" skipped="0" failures="0" errors="0" timestamp="2020-05-26T17:51:08" hostname="DESKTOP-QBQ6GL3" time="0.123">
  <properties/>
  <testcase name="canGoDown1" classname="tetrisreimagined.controller.Pieces.PieceControllerTest" time="0.061"/>
  <testcase name="canGoDown2" classname="tetrisreimagined.controller.Pieces.PieceControllerTest" time="0.005"/>
  <testcase name="canGoLeft1" classname="tetrisreimagined.controller.Pieces.PieceControllerTest" time="0.005"/>
  <testcase name="canGoLeft2" classname="tetrisreimagined.controller.Pieces.PieceControllerTest" time="0.005"/>
  <testcase name="pieceCanRotateClockWise" classname="tetrisreimagined.controller.Pieces.PieceControllerTest" time="0.01"/>
  <testcase name="canGoRight1" classname="tetrisreimagined.controller.Pieces.PieceControllerTest" time="0.006"/>
  <testcase name="canGoRight2" classname="tetrisreimagined.controller.Pieces.PieceControllerTest" time="0.006"/>
  <testcase name="getBlockById" classname="tetrisreimagined.controller.Pieces.PieceControllerTest" time="0.004"/>
  <testcase name="getBlockId" classname="tetrisreimagined.controller.Pieces.PieceControllerTest" time="0.005"/>
  <testcase name="getPieceModel1" classname="tetrisreimagined.controller.Pieces.PieceControllerTest" time="0.005"/>
  <testcase name="getPieceModel2" classname="tetrisreimagined.controller.Pieces.PieceControllerTest" time="0.005"/>
  <system-out><![CDATA[]]></system-out>
  <system-err><![CDATA[]]></system-err>
</testsuite>
