<?xml version="1.0" encoding="UTF-8"?>
<testsuite name="tetrisreimagined.controller.Pieces.PieceTransformTest" tests="3" skipped="0" failures="0" errors="0" timestamp="2020-05-26T17:51:08" hostname="DESKTOP-QBQ6GL3" time="0.003">
  <properties/>
  <testcase name="testReverseColumnsOrder" classname="tetrisreimagined.controller.Pieces.PieceTransformTest" time="0.002"/>
  <testcase name="testReverseLinesOrder" classname="tetrisreimagined.controller.Pieces.PieceTransformTest" time="0.0"/>
  <testcase name="testTranspose" classname="tetrisreimagined.controller.Pieces.PieceTransformTest" time="0.0"/>
  <system-out><![CDATA[]]></system-out>
  <system-err><![CDATA[]]></system-err>
</testsuite>
