<?xml version="1.0" encoding="UTF-8"?>
<testsuite name="tetrisreimagined.controller.ArenaControllerTest" tests="5" skipped="0" failures="0" errors="0" timestamp="2020-05-26T17:51:07" hostname="DESKTOP-QBQ6GL3" time="0.953">
  <properties/>
  <testcase name="checkLine1" classname="tetrisreimagined.controller.ArenaControllerTest" time="0.915"/>
  <testcase name="checkLine2" classname="tetrisreimagined.controller.ArenaControllerTest" time="0.011"/>
  <testcase name="checkLine3" classname="tetrisreimagined.controller.ArenaControllerTest" time="0.007"/>
  <testcase name="checkTryMoveDown" classname="tetrisreimagined.controller.ArenaControllerTest" time="0.013"/>
  <testcase name="moveRight" classname="tetrisreimagined.controller.ArenaControllerTest" time="0.006"/>
  <system-out><![CDATA[]]></system-out>
  <system-err><![CDATA[]]></system-err>
</testsuite>
