<?xml version="1.0" encoding="UTF-8"?>
<testsuite name="tetrisreimagined.controller.CommandsTest" tests="10" skipped="0" failures="0" errors="0" timestamp="2020-05-26T17:51:08" hostname="DESKTOP-QBQ6GL3" time="0.091">
  <properties/>
  <testcase name="doNothing" classname="tetrisreimagined.controller.CommandsTest" time="0.004"/>
  <testcase name="exitTerminal" classname="tetrisreimagined.controller.CommandsTest" time="0.002"/>
  <testcase name="moveDown" classname="tetrisreimagined.controller.CommandsTest" time="0.002"/>
  <testcase name="moveLeft" classname="tetrisreimagined.controller.CommandsTest" time="0.003"/>
  <testcase name="hold" classname="tetrisreimagined.controller.CommandsTest" time="0.004"/>
  <testcase name="hardDrop" classname="tetrisreimagined.controller.CommandsTest" time="0.002"/>
  <testcase name="rotateClockWise" classname="tetrisreimagined.controller.CommandsTest" time="0.066"/>
  <testcase name="rotateCounterClockWise" classname="tetrisreimagined.controller.CommandsTest" time="0.003"/>
  <testcase name="pauseGame" classname="tetrisreimagined.controller.CommandsTest" time="0.001"/>
  <testcase name="moveRight" classname="tetrisreimagined.controller.CommandsTest" time="0.001"/>
  <system-out><![CDATA[]]></system-out>
  <system-err><![CDATA[]]></system-err>
</testsuite>
