<?xml version="1.0" encoding="UTF-8"?>
<testsuite name="tetrisreimagined.view.GameViewLanternaTest" tests="1" skipped="0" failures="0" errors="0" timestamp="2020-05-26T17:51:08" hostname="DESKTOP-QBQ6GL3" time="0.0">
  <properties/>
  <testcase name="testCommand" classname="tetrisreimagined.view.GameViewLanternaTest" time="0.0"/>
  <system-out><![CDATA[]]></system-out>
  <system-err><![CDATA[]]></system-err>
</testsuite>
