<?xml version="1.0" encoding="UTF-8"?>
<testsuite name="tetrisreimagined.model.ArenaModelTest" tests="7" skipped="0" failures="0" errors="0" timestamp="2020-05-26T17:51:08" hostname="DESKTOP-QBQ6GL3" time="0.006">
  <properties/>
  <testcase name="arenaIsEmpty" classname="tetrisreimagined.model.ArenaModelTest" time="0.001"/>
  <testcase name="getArenaBlocks" classname="tetrisreimagined.model.ArenaModelTest" time="0.0"/>
  <testcase name="positionHasBlock" classname="tetrisreimagined.model.ArenaModelTest" time="0.002"/>
  <testcase name="getCurrentPieceModel" classname="tetrisreimagined.model.ArenaModelTest" time="0.0"/>
  <testcase name="getNextPieceModel" classname="tetrisreimagined.model.ArenaModelTest" time="0.0"/>
  <testcase name="getLevel" classname="tetrisreimagined.model.ArenaModelTest" time="0.0"/>
  <testcase name="getScore" classname="tetrisreimagined.model.ArenaModelTest" time="0.0"/>
  <system-out><![CDATA[]]></system-out>
  <system-err><![CDATA[]]></system-err>
</testsuite>
